<?xml version="1.0" encoding="UTF-8"?>
<testng-results ignored="0" total="1" passed="1" failed="0" skipped="0">
  <reporter-output>
  </reporter-output>
  <suite started-at="2018-12-11T07:21:08Z" name="Default suite" finished-at="2018-12-11T07:21:08Z" duration-ms="104">
    <groups>
    </groups>
    <test started-at="2018-12-11T07:21:08Z" name="Default test" finished-at="2018-12-11T07:21:08Z" duration-ms="104">
      <class name="helloworld.helloword">
        <test-method signature="test()[pri:0, instance:helloworld.helloword@1f59a598]" started-at="2018-12-11T07:21:08Z" name="test" finished-at="2018-12-11T07:21:08Z" duration-ms="18" status="PASS">
          <reporter-output>
          </reporter-output>
        </test-method> <!-- test -->
      </class> <!-- helloworld.helloword -->
    </test> <!-- Default test -->
  </suite> <!-- Default suite -->
</testng-results>
